1654363530.041863 client started (18056): version 3.2a, socket /tmp/tmux-1000/default, protocol 8
1654363530.041902 on Linux 5.15.41_1 #1 SMP Thu May 19 11:17:10 UTC 2022
1654363530.041911 using libevent 2.1.12-stable (poll); ncurses 6.2
1654363530.041937 flags are 0x18010000
1654363530.041944 socket is /tmp/tmux-1000/default
1654363530.041957 trying connect
1654363530.041980 connect failed: No such file or directory
1654363530.041995 lock file is /tmp/tmux-1000/default.lock
1654363530.042013 flock succeeded
1654363530.042019 got lock (6)
1654363530.042028 trying connect
1654363530.042041 connect failed: No such file or directory
1654363530.042277 add peer 0x55c3858c5700: 7 ((nil))
1654363530.042671 sending message 100 to peer 0x55c3858c5700 (4 bytes)
1654363530.042682 sending message 111 to peer 0x55c3858c5700 (8 bytes)
1654363530.042687 sending message 101 to peer 0x55c3858c5700 (15 bytes)
1654363530.042691 sending message 109 to peer 0x55c3858c5700 (4 bytes)
1654363530.042696 sending message 102 to peer 0x55c3858c5700 (11 bytes)
1654363530.042701 sending message 108 to peer 0x55c3858c5700 (35 bytes)
1654363530.042705 sending message 112 to peer 0x55c3858c5700 (58 bytes)
1654363530.042709 sending message 112 to peer 0x55c3858c5700 (5 bytes)
1654363530.042714 sending message 112 to peer 0x55c3858c5700 (5 bytes)
1654363530.042718 sending message 112 to peer 0x55c3858c5700 (6 bytes)
1654363530.042723 sending message 112 to peer 0x55c3858c5700 (6 bytes)
1654363530.042727 sending message 112 to peer 0x55c3858c5700 (11 bytes)
1654363530.042731 sending message 112 to peer 0x55c3858c5700 (10 bytes)
1654363530.042736 sending message 112 to peer 0x55c3858c5700 (13 bytes)
1654363530.042740 sending message 112 to peer 0x55c3858c5700 (14 bytes)
1654363530.042744 sending message 112 to peer 0x55c3858c5700 (19 bytes)
1654363530.042749 sending message 112 to peer 0x55c3858c5700 (11 bytes)
1654363530.042754 sending message 112 to peer 0x55c3858c5700 (10 bytes)
1654363530.042758 sending message 112 to peer 0x55c3858c5700 (15 bytes)
1654363530.042762 sending message 112 to peer 0x55c3858c5700 (21 bytes)
1654363530.042767 sending message 112 to peer 0x55c3858c5700 (13 bytes)
1654363530.042771 sending message 112 to peer 0x55c3858c5700 (7 bytes)
1654363530.042775 sending message 112 to peer 0x55c3858c5700 (13 bytes)
1654363530.042780 sending message 112 to peer 0x55c3858c5700 (7 bytes)
1654363530.042784 sending message 112 to peer 0x55c3858c5700 (13 bytes)
1654363530.042788 sending message 112 to peer 0x55c3858c5700 (9 bytes)
1654363530.042793 sending message 112 to peer 0x55c3858c5700 (21 bytes)
1654363530.042797 sending message 112 to peer 0x55c3858c5700 (13 bytes)
1654363530.042801 sending message 112 to peer 0x55c3858c5700 (9 bytes)
1654363530.042806 sending message 112 to peer 0x55c3858c5700 (16 bytes)
1654363530.042810 sending message 112 to peer 0x55c3858c5700 (13 bytes)
1654363530.042814 sending message 112 to peer 0x55c3858c5700 (9 bytes)
1654363530.042818 sending message 112 to peer 0x55c3858c5700 (9 bytes)
1654363530.042823 sending message 112 to peer 0x55c3858c5700 (12 bytes)
1654363530.042827 sending message 112 to peer 0x55c3858c5700 (8 bytes)
1654363530.042831 sending message 112 to peer 0x55c3858c5700 (8 bytes)
1654363530.042835 sending message 112 to peer 0x55c3858c5700 (13 bytes)
1654363530.042840 sending message 112 to peer 0x55c3858c5700 (7 bytes)
1654363530.042844 sending message 112 to peer 0x55c3858c5700 (7 bytes)
1654363530.042848 sending message 112 to peer 0x55c3858c5700 (9 bytes)
1654363530.042853 sending message 112 to peer 0x55c3858c5700 (9 bytes)
1654363530.042857 sending message 112 to peer 0x55c3858c5700 (15 bytes)
1654363530.042861 sending message 112 to peer 0x55c3858c5700 (13 bytes)
1654363530.042866 sending message 112 to peer 0x55c3858c5700 (12 bytes)
1654363530.042870 sending message 112 to peer 0x55c3858c5700 (8 bytes)
1654363530.042874 sending message 112 to peer 0x55c3858c5700 (14 bytes)
1654363530.042878 sending message 112 to peer 0x55c3858c5700 (11 bytes)
1654363530.042883 sending message 112 to peer 0x55c3858c5700 (9 bytes)
1654363530.042893 sending message 112 to peer 0x55c3858c5700 (10 bytes)
1654363530.042897 sending message 112 to peer 0x55c3858c5700 (10 bytes)
1654363530.042902 sending message 112 to peer 0x55c3858c5700 (10 bytes)
1654363530.042906 sending message 112 to peer 0x55c3858c5700 (10 bytes)
1654363530.042910 sending message 112 to peer 0x55c3858c5700 (11 bytes)
1654363530.042915 sending message 112 to peer 0x55c3858c5700 (12 bytes)
1654363530.042919 sending message 112 to peer 0x55c3858c5700 (12 bytes)
1654363530.042923 sending message 112 to peer 0x55c3858c5700 (12 bytes)
1654363530.042928 sending message 112 to peer 0x55c3858c5700 (12 bytes)
1654363530.042932 sending message 112 to peer 0x55c3858c5700 (12 bytes)
1654363530.042936 sending message 112 to peer 0x55c3858c5700 (11 bytes)
1654363530.042941 sending message 112 to peer 0x55c3858c5700 (11 bytes)
1654363530.042945 sending message 112 to peer 0x55c3858c5700 (12 bytes)
1654363530.042949 sending message 112 to peer 0x55c3858c5700 (12 bytes)
1654363530.042954 sending message 112 to peer 0x55c3858c5700 (12 bytes)
1654363530.042958 sending message 112 to peer 0x55c3858c5700 (12 bytes)
1654363530.042962 sending message 112 to peer 0x55c3858c5700 (12 bytes)
1654363530.042967 sending message 112 to peer 0x55c3858c5700 (9 bytes)
1654363530.042971 sending message 112 to peer 0x55c3858c5700 (12 bytes)
1654363530.042975 sending message 112 to peer 0x55c3858c5700 (13 bytes)
1654363530.042980 sending message 112 to peer 0x55c3858c5700 (13 bytes)
1654363530.042984 sending message 112 to peer 0x55c3858c5700 (13 bytes)
1654363530.042988 sending message 112 to peer 0x55c3858c5700 (13 bytes)
1654363530.042993 sending message 112 to peer 0x55c3858c5700 (13 bytes)
1654363530.042997 sending message 112 to peer 0x55c3858c5700 (8 bytes)
1654363530.043001 sending message 112 to peer 0x55c3858c5700 (11 bytes)
1654363530.043005 sending message 112 to peer 0x55c3858c5700 (11 bytes)
1654363530.043010 sending message 112 to peer 0x55c3858c5700 (11 bytes)
1654363530.043014 sending message 112 to peer 0x55c3858c5700 (12 bytes)
1654363530.043018 sending message 112 to peer 0x55c3858c5700 (12 bytes)
1654363530.043022 sending message 112 to peer 0x55c3858c5700 (12 bytes)
1654363530.043027 sending message 112 to peer 0x55c3858c5700 (12 bytes)
1654363530.043031 sending message 112 to peer 0x55c3858c5700 (13 bytes)
1654363530.043035 sending message 112 to peer 0x55c3858c5700 (13 bytes)
1654363530.043040 sending message 112 to peer 0x55c3858c5700 (13 bytes)
1654363530.043044 sending message 112 to peer 0x55c3858c5700 (8 bytes)
1654363530.043048 sending message 112 to peer 0x55c3858c5700 (13 bytes)
1654363530.043052 sending message 112 to peer 0x55c3858c5700 (13 bytes)
1654363530.043057 sending message 112 to peer 0x55c3858c5700 (13 bytes)
1654363530.043061 sending message 112 to peer 0x55c3858c5700 (13 bytes)
1654363530.043065 sending message 112 to peer 0x55c3858c5700 (13 bytes)
1654363530.043069 sending message 112 to peer 0x55c3858c5700 (12 bytes)
1654363530.043074 sending message 112 to peer 0x55c3858c5700 (12 bytes)
1654363530.043078 sending message 112 to peer 0x55c3858c5700 (12 bytes)
1654363530.043082 sending message 112 to peer 0x55c3858c5700 (12 bytes)
1654363530.043086 sending message 112 to peer 0x55c3858c5700 (13 bytes)
1654363530.043090 sending message 112 to peer 0x55c3858c5700 (8 bytes)
1654363530.043095 sending message 112 to peer 0x55c3858c5700 (13 bytes)
1654363530.043099 sending message 112 to peer 0x55c3858c5700 (13 bytes)
1654363530.043103 sending message 112 to peer 0x55c3858c5700 (13 bytes)
1654363530.043108 sending message 112 to peer 0x55c3858c5700 (13 bytes)
1654363530.043112 sending message 112 to peer 0x55c3858c5700 (13 bytes)
1654363530.043116 sending message 112 to peer 0x55c3858c5700 (13 bytes)
1654363530.043120 sending message 112 to peer 0x55c3858c5700 (13 bytes)
1654363530.043125 sending message 112 to peer 0x55c3858c5700 (12 bytes)
1654363530.043129 sending message 112 to peer 0x55c3858c5700 (12 bytes)
1654363530.043133 sending message 112 to peer 0x55c3858c5700 (12 bytes)
1654363530.043141 sending message 112 to peer 0x55c3858c5700 (8 bytes)
1654363530.043146 sending message 112 to peer 0x55c3858c5700 (12 bytes)
1654363530.043150 sending message 112 to peer 0x55c3858c5700 (13 bytes)
1654363530.043155 sending message 112 to peer 0x55c3858c5700 (13 bytes)
1654363530.043159 sending message 112 to peer 0x55c3858c5700 (13 bytes)
1654363530.043163 sending message 112 to peer 0x55c3858c5700 (13 bytes)
1654363530.043168 sending message 112 to peer 0x55c3858c5700 (13 bytes)
1654363530.043172 sending message 112 to peer 0x55c3858c5700 (13 bytes)
1654363530.043176 sending message 112 to peer 0x55c3858c5700 (13 bytes)
1654363530.043181 sending message 112 to peer 0x55c3858c5700 (13 bytes)
1654363530.043185 sending message 112 to peer 0x55c3858c5700 (12 bytes)
1654363530.043189 sending message 112 to peer 0x55c3858c5700 (10 bytes)
1654363530.043193 sending message 112 to peer 0x55c3858c5700 (12 bytes)
1654363530.043198 sending message 112 to peer 0x55c3858c5700 (12 bytes)
1654363530.043202 sending message 112 to peer 0x55c3858c5700 (12 bytes)
1654363530.043206 sending message 112 to peer 0x55c3858c5700 (13 bytes)
1654363530.043210 sending message 112 to peer 0x55c3858c5700 (13 bytes)
1654363530.043215 sending message 112 to peer 0x55c3858c5700 (13 bytes)
1654363530.043219 sending message 112 to peer 0x55c3858c5700 (13 bytes)
1654363530.043223 sending message 112 to peer 0x55c3858c5700 (13 bytes)
1654363530.043227 sending message 112 to peer 0x55c3858c5700 (13 bytes)
1654363530.043232 sending message 112 to peer 0x55c3858c5700 (13 bytes)
1654363530.043236 sending message 112 to peer 0x55c3858c5700 (10 bytes)
1654363530.043240 sending message 112 to peer 0x55c3858c5700 (13 bytes)
1654363530.043245 sending message 112 to peer 0x55c3858c5700 (12 bytes)
1654363530.043249 sending message 112 to peer 0x55c3858c5700 (12 bytes)
1654363530.043253 sending message 112 to peer 0x55c3858c5700 (12 bytes)
1654363530.043257 sending message 112 to peer 0x55c3858c5700 (10 bytes)
1654363530.043261 sending message 112 to peer 0x55c3858c5700 (10 bytes)
1654363530.043266 sending message 112 to peer 0x55c3858c5700 (10 bytes)
1654363530.043270 sending message 112 to peer 0x55c3858c5700 (12 bytes)
1654363530.043274 sending message 112 to peer 0x55c3858c5700 (13 bytes)
1654363530.043279 sending message 112 to peer 0x55c3858c5700 (13 bytes)
1654363530.043283 sending message 112 to peer 0x55c3858c5700 (13 bytes)
1654363530.043287 sending message 112 to peer 0x55c3858c5700 (13 bytes)
1654363530.043291 sending message 112 to peer 0x55c3858c5700 (13 bytes)
1654363530.043296 sending message 112 to peer 0x55c3858c5700 (10 bytes)
1654363530.043300 sending message 112 to peer 0x55c3858c5700 (11 bytes)
1654363530.043304 sending message 112 to peer 0x55c3858c5700 (12 bytes)
1654363530.043308 sending message 112 to peer 0x55c3858c5700 (12 bytes)
1654363530.043313 sending message 112 to peer 0x55c3858c5700 (12 bytes)
1654363530.043317 sending message 112 to peer 0x55c3858c5700 (12 bytes)
1654363530.043321 sending message 112 to peer 0x55c3858c5700 (12 bytes)
1654363530.043325 sending message 112 to peer 0x55c3858c5700 (11 bytes)
1654363530.043330 sending message 112 to peer 0x55c3858c5700 (12 bytes)
1654363530.043334 sending message 112 to peer 0x55c3858c5700 (12 bytes)
1654363530.043338 sending message 112 to peer 0x55c3858c5700 (13 bytes)
1654363530.043342 sending message 112 to peer 0x55c3858c5700 (13 bytes)
1654363530.043347 sending message 112 to peer 0x55c3858c5700 (13 bytes)
1654363530.043351 sending message 112 to peer 0x55c3858c5700 (13 bytes)
1654363530.043355 sending message 112 to peer 0x55c3858c5700 (13 bytes)
1654363530.043360 sending message 112 to peer 0x55c3858c5700 (10 bytes)
1654363530.043364 sending message 112 to peer 0x55c3858c5700 (9 bytes)
1654363530.043368 sending message 112 to peer 0x55c3858c5700 (12 bytes)
1654363530.043373 sending message 112 to peer 0x55c3858c5700 (13 bytes)
1654363530.043377 sending message 112 to peer 0x55c3858c5700 (13 bytes)
1654363530.043381 sending message 112 to peer 0x55c3858c5700 (13 bytes)
1654363530.043389 sending message 112 to peer 0x55c3858c5700 (13 bytes)
1654363530.043393 sending message 112 to peer 0x55c3858c5700 (13 bytes)
1654363530.043397 sending message 112 to peer 0x55c3858c5700 (9 bytes)
1654363530.043401 sending message 112 to peer 0x55c3858c5700 (12 bytes)
1654363530.043406 sending message 112 to peer 0x55c3858c5700 (13 bytes)
1654363530.043410 sending message 112 to peer 0x55c3858c5700 (13 bytes)
1654363530.043414 sending message 112 to peer 0x55c3858c5700 (13 bytes)
1654363530.043418 sending message 112 to peer 0x55c3858c5700 (13 bytes)
1654363530.043422 sending message 112 to peer 0x55c3858c5700 (13 bytes)
1654363530.043427 sending message 112 to peer 0x55c3858c5700 (11 bytes)
1654363530.043431 sending message 112 to peer 0x55c3858c5700 (12 bytes)
1654363530.043435 sending message 112 to peer 0x55c3858c5700 (13 bytes)
1654363530.043439 sending message 112 to peer 0x55c3858c5700 (13 bytes)
1654363530.043443 sending message 112 to peer 0x55c3858c5700 (13 bytes)
1654363530.043447 sending message 112 to peer 0x55c3858c5700 (13 bytes)
1654363530.043452 sending message 112 to peer 0x55c3858c5700 (13 bytes)
1654363530.043458 sending message 112 to peer 0x55c3858c5700 (11 bytes)
1654363530.043462 sending message 112 to peer 0x55c3858c5700 (12 bytes)
1654363530.043466 sending message 112 to peer 0x55c3858c5700 (12 bytes)
1654363530.043471 sending message 112 to peer 0x55c3858c5700 (12 bytes)
1654363530.043475 sending message 112 to peer 0x55c3858c5700 (12 bytes)
1654363530.043479 sending message 112 to peer 0x55c3858c5700 (12 bytes)
1654363530.043483 sending message 112 to peer 0x55c3858c5700 (21 bytes)
1654363530.043487 sending message 112 to peer 0x55c3858c5700 (12 bytes)
1654363530.043491 sending message 112 to peer 0x55c3858c5700 (9 bytes)
1654363530.043496 sending message 112 to peer 0x55c3858c5700 (6 bytes)
1654363530.043500 sending message 112 to peer 0x55c3858c5700 (13 bytes)
1654363530.043504 sending message 112 to peer 0x55c3858c5700 (10 bytes)
1654363530.043508 sending message 112 to peer 0x55c3858c5700 (24 bytes)
1654363530.043512 sending message 112 to peer 0x55c3858c5700 (13 bytes)
1654363530.043516 sending message 112 to peer 0x55c3858c5700 (9 bytes)
1654363530.043521 sending message 112 to peer 0x55c3858c5700 (70 bytes)
1654363530.043527 sending message 112 to peer 0x55c3858c5700 (69 bytes)
1654363530.043532 sending message 112 to peer 0x55c3858c5700 (12 bytes)
1654363530.043536 sending message 112 to peer 0x55c3858c5700 (10 bytes)
1654363530.043540 sending message 112 to peer 0x55c3858c5700 (10 bytes)
1654363530.043544 sending message 112 to peer 0x55c3858c5700 (24 bytes)
1654363530.043548 sending message 112 to peer 0x55c3858c5700 (13 bytes)
1654363530.043553 sending message 112 to peer 0x55c3858c5700 (10 bytes)
1654363530.043557 sending message 112 to peer 0x55c3858c5700 (10 bytes)
1654363530.043561 sending message 112 to peer 0x55c3858c5700 (10 bytes)
1654363530.043565 sending message 112 to peer 0x55c3858c5700 (13 bytes)
1654363530.043569 sending message 112 to peer 0x55c3858c5700 (15 bytes)
1654363530.043573 sending message 112 to peer 0x55c3858c5700 (5 bytes)
1654363530.043578 sending message 104 to peer 0x55c3858c5700 (0 bytes)
1654363530.043583 sending message 110 to peer 0x55c3858c5700 (0 bytes)
1654363530.043588 sending message 107 to peer 0x55c3858c5700 (4 bytes)
1654363530.043592 sending message 105 to peer 0x55c3858c5700 (40 bytes)
1654363530.043598 sending message 105 to peer 0x55c3858c5700 (20 bytes)
1654363530.043610 sending message 105 to peer 0x55c3858c5700 (62 bytes)
1654363530.043616 sending message 105 to peer 0x55c3858c5700 (45 bytes)
1654363530.043620 sending message 105 to peer 0x55c3858c5700 (15 bytes)
1654363530.043624 sending message 105 to peer 0x55c3858c5700 (11 bytes)
1654363530.043629 sending message 105 to peer 0x55c3858c5700 (8 bytes)
1654363530.043633 sending message 105 to peer 0x55c3858c5700 (8 bytes)
1654363530.043638 sending message 105 to peer 0x55c3858c5700 (1089 bytes)
1654363530.043654 sending message 105 to peer 0x55c3858c5700 (32 bytes)
1654363530.043665 sending message 105 to peer 0x55c3858c5700 (76 bytes)
1654363530.043670 sending message 105 to peer 0x55c3858c5700 (12 bytes)
1654363530.043674 sending message 105 to peer 0x55c3858c5700 (39 bytes)
1654363530.043678 sending message 105 to peer 0x55c3858c5700 (11 bytes)
1654363530.043683 sending message 105 to peer 0x55c3858c5700 (20 bytes)
1654363530.043687 sending message 105 to peer 0x55c3858c5700 (24 bytes)
1654363530.043691 sending message 105 to peer 0x55c3858c5700 (106 bytes)
1654363530.043695 sending message 105 to peer 0x55c3858c5700 (13 bytes)
1654363530.043700 sending message 105 to peer 0x55c3858c5700 (17 bytes)
1654363530.043704 sending message 105 to peer 0x55c3858c5700 (18 bytes)
1654363530.043708 sending message 105 to peer 0x55c3858c5700 (13 bytes)
1654363530.043712 sending message 105 to peer 0x55c3858c5700 (14 bytes)
1654363530.043717 sending message 105 to peer 0x55c3858c5700 (41 bytes)
1654363530.043721 sending message 105 to peer 0x55c3858c5700 (59 bytes)
1654363530.043725 sending message 105 to peer 0x55c3858c5700 (16 bytes)
1654363530.043729 sending message 105 to peer 0x55c3858c5700 (17 bytes)
1654363530.043734 sending message 105 to peer 0x55c3858c5700 (16 bytes)
1654363530.043738 sending message 105 to peer 0x55c3858c5700 (24 bytes)
1654363530.043742 sending message 105 to peer 0x55c3858c5700 (11 bytes)
1654363530.043747 sending message 105 to peer 0x55c3858c5700 (8 bytes)
1654363530.043751 sending message 105 to peer 0x55c3858c5700 (32 bytes)
1654363530.043755 sending message 106 to peer 0x55c3858c5700 (0 bytes)
1654363530.043765 sending message 200 to peer 0x55c3858c5700 (4 bytes)
1654363530.043770 client loop enter
1654363530.043815 client_signal: Child exited
1654363530.109558 peer 0x55c3858c5700 message 207
1654363530.109577 sending message 208 to peer 0x55c3858c5700 (0 bytes)
1654363548.427313 peer 0x55c3858c5700 message 203
1654363548.427330 sending message 205 to peer 0x55c3858c5700 (0 bytes)
1654363548.428078 peer 0x55c3858c5700 message 204
1654363548.428090 client loop exit
